Arguments: 
  C:\Program Files\nodejs\node.exe C:\Users\17045\AppData\Roaming\npm\node_modules\yarn\bin\yarn.js install

PATH: 
  C:\Program Files\ImageMagick-7.0.8-Q16;C:\Program Files (x86)\Common Files\Oracle\Java\javapath;C:\Windows\system32;C:\Windows;C:\Windows\System32\Wbem;C:\Windows\System32\WindowsPowerShell\v1.0\;C:\Windows\System32\OpenSSH\;C:\Program Files\nodejs\;C:\Program Files\Git\cmd;C:\Program Files (x86)\WinMerge;C:\Users\17045\AppData\Local\Programs\Python\Python37-32\Scripts\;C:\Users\17045\AppData\Local\Programs\Python\Python37-32\;C:\Users\17045\AppData\Local\Microsoft\WindowsApps;C:\Users\17045\AppData\Local\Programs\Microsoft VS Code\bin;C:\Users\17045\AppData\Roaming\npm;C:\Users\17045\AppData\Local\atom\bin;C:\Program Files\heroku\bin

Yarn version: 
  1.12.3

Node version: 
  10.15.0

Platform: 
  win32 x64

Trace: 
  SyntaxError: C:\Users\17045\Documents\Triangle\package.json: Unexpected token } in JSON at position 1011
      at JSON.parse (<anonymous>)
      at C:\Users\17045\AppData\Roaming\npm\node_modules\yarn\lib\cli.js:1631:59
      at Generator.next (<anonymous>)
      at step (C:\Users\17045\AppData\Roaming\npm\node_modules\yarn\lib\cli.js:304:30)
      at C:\Users\17045\AppData\Roaming\npm\node_modules\yarn\lib\cli.js:315:13

npm manifest: 
  {
    "name": "triangle-utility",
    "version": "1.0.0",
    "description": "",
    "main": "triangle.js",
    "scripts": {
      "test": "jest"
    },
    "keywords": [],
    "author": "",
    "license": "ISC",
    "dependencies": {
      "@types/jest": "^23.3.13",
      "@types/node": "^10.12.18",
      "babel-core": "^6.26.3",
      "babel-eslint": "^10.0.1",
      "babel-loader": "^7.1.5",
      "babel-preset-env": "^1.7.0",
      "babel-preset-es2015": "^6.24.1",
      "babel-preset-stage-2": "^6.24.1",
      "cross-env": "^5.2.0",
      "css-loader": "^1.0.0",
      "eslint": "^5.12.1",
      "eslint-config-standard": "^12.0.0",
      "eslint-friendly-formatter": "^4.0.1",
      "eslint-loader": "^2.1.1",
      "eslint-plugin-html": "^5.0.0",
      "eslint-plugin-import": "^2.14.0",
      "eslint-plugin-jest": "^22.1.3",
      "eslint-plugin-node": "^8.0.0",
      "eslint-plugin-promise": "^4.0.1",
      "eslint-plugin-standard": "^4.0.0",
      "typescript": "^3.2.4",
      "we-assert": "^2.2.0",
      "webpack": "^4.17.2",
      "webpack-cli": "^3.1.0",
    }
  }

yarn manifest: 
  No manifest

Lockfile: 
  No lockfile
